<?xml version="1.0" encoding="UTF-8" ?>
<testsuite 
errors="0" failures="1" hostname="WM1BE-486" name="org.broadinstitute.dsde.firecloud.test.notebooks.NotebooksSpec" tests="1" time="15.673" timestamp="2018-03-04T23:18:03">
  <properties>
    <property name="jline.esc.timeout" value="0"> </property>
    <property name="java.runtime.name" value="Java(TM) SE Runtime Environment">
    </property>
    <property 
    name="sun.boot.library.path" value="/Library/Java/JavaVirtualMachines/jdk1.8.0_102.jdk/Contents/Home/jre/lib">
</property>
    <property name="java.vm.version" value="25.102-b14"> </property>
    <property name="gopherProxySet" value="false"> </property>
    <property name="java.vm.vendor" value="Oracle Corporation"> </property>
    <property name="java.vendor.url" value="http://java.oracle.com/">
    </property>
    <property name="path.separator" value=":"> </property>
    <property name="java.vm.name" value="Java HotSpot(TM) 64-Bit Server VM">
    </property>
    <property name="file.encoding.pkg" value="sun.io"> </property>
    <property name="user.country" value="US"> </property>
    <property name="sun.java.launcher" value="SUN_STANDARD"> </property>
    <property name="sun.os.patch.level" value="unknown"> </property>
    <property 
    name="java.vm.specification.name" value="Java Virtual Machine Specification">
</property>
    <property 
    name="user.dir" value="/Users/ansingh/Desktop/ui-15/firecloud-ui/automation">
</property>
    <property name="java.runtime.version" value="1.8.0_102-b14"> </property>
    <property name="java.awt.graphicsenv" value="sun.awt.CGraphicsEnvironment">
    </property>
    <property name="jsse.enableSNIExtension" value="false"> </property>
    <property 
    name="java.endorsed.dirs" value="/Library/Java/JavaVirtualMachines/jdk1.8.0_102.jdk/Contents/Home/jre/lib/endorsed">
</property>
    <property name="os.arch" value="x86_64"> </property>
    <property 
    name="java.io.tmpdir" value="/var/folders/gc/2_ft_hx95klbcglbcxz53n6sxh99v9/T/">
</property>
    <property name="line.separator" value=" "> </property>
    <property name="java.vm.specification.vendor" value="Oracle Corporation">
    </property>
    <property name="os.name" value="Mac OS X"> </property>
    <property name="sun.jnu.encoding" value="UTF-8"> </property>
    <property 
    name="java.library.path" value="/Users/ansingh/Library/Java/Extensions:/Library/Java/Extensions:/Network/Library/Java/Extensions:/System/Library/Java/Extensions:/usr/lib/java:.">
</property>
    <property 
    name="java.specification.name" value="Java Platform API Specification">
</property>
    <property name="java.class.version" value="52.0"> </property>
    <property 
    name="sun.management.compiler" value="HotSpot 64-Bit Tiered Compilers">
</property>
    <property name="os.version" value="10.11.6"> </property>
    <property name="user.home" value="/Users/ansingh"> </property>
    <property name="user.timezone" value="America/New_York"> </property>
    <property name="java.awt.printerjob" value="sun.lwawt.macosx.CPrinterJob">
    </property>
    <property name="file.encoding" value="UTF-8"> </property>
    <property name="java.specification.version" value="1.8"> </property>
    <property name="user.name" value="ansingh"> </property>
    <property 
    name="java.class.path" value="/usr/local/Cellar/sbt/0.13.12/libexec/sbt-launch.jar">
</property>
    <property name="jline.shutdownhook" value="false"> </property>
    <property name="java.vm.specification.version" value="1.8"> </property>
    <property name="sun.arch.data.model" value="64"> </property>
    <property 
    name="java.home" value="/Library/Java/JavaVirtualMachines/jdk1.8.0_102.jdk/Contents/Home/jre">
</property>
    <property 
    name="sun.java.command" value="/usr/local/Cellar/sbt/0.13.12/libexec/sbt-launch.jar testOnly *NotebooksSpec">
</property>
    <property name="java.specification.vendor" value="Oracle Corporation">
    </property>
    <property name="user.language" value="en"> </property>
    <property name="awt.toolkit" value="sun.lwawt.macosx.LWCToolkit">
    </property>
    <property name="java.vm.info" value="mixed mode"> </property>
    <property name="java.version" value="1.8.0_102"> </property>
    <property 
    name="java.ext.dirs" value="/Users/ansingh/Library/Java/Extensions:/Library/Java/JavaVirtualMachines/jdk1.8.0_102.jdk/Contents/Home/jre/lib/ext:/Library/Java/Extensions:/Network/Library/Java/Extensions:/System/Library/Java/Extensions:/usr/lib/java">
</property>
    <property 
    name="sun.boot.class.path" value="/Library/Java/JavaVirtualMachines/jdk1.8.0_102.jdk/Contents/Home/jre/lib/resources.jar:/Library/Java/JavaVirtualMachines/jdk1.8.0_102.jdk/Contents/Home/jre/lib/rt.jar:/Library/Java/JavaVirtualMachines/jdk1.8.0_102.jdk/Contents/Home/jre/lib/sunrsasign.jar:/Library/Java/JavaVirtualMachines/jdk1.8.0_102.jdk/Contents/Home/jre/lib/jsse.jar:/Library/Java/JavaVirtualMachines/jdk1.8.0_102.jdk/Contents/Home/jre/lib/jce.jar:/Library/Java/JavaVirtualMachines/jdk1.8.0_102.jdk/Contents/Home/jre/lib/charsets.jar:/Library/Java/JavaVirtualMachines/jdk1.8.0_102.jdk/Contents/Home/jre/lib/jfr.jar:/Library/Java/JavaVirtualMachines/jdk1.8.0_102.jdk/Contents/Home/jre/classes">
</property>
    <property name="java.vendor" value="Oracle Corporation"> </property>
    <property name="file.separator" value="/"> </property>
    <property 
    name="java.vendor.url.bug" value="http://bugreport.sun.com/bugreport/">
</property>
    <property name="sun.cpu.endian" value="little"> </property>
    <property name="sun.io.unicode.encoding" value="UnicodeBig"> </property>
    <property name="headless" value="false"> </property>
    <property name="sun.cpu.isalist" value=""> </property>
  </properties>
  <testcase 
  name="User should be able to create and delete a cluster" classname="org.broadinstitute.dsde.firecloud.test.notebooks.NotebooksSpec" time="15.614">
    <failure 
    message="accounts.google.com" type="class java.net.UnknownHostException">
      java.net.UnknownHostException: accounts.google.com
      at java.net.AbstractPlainSocketImpl.connect(AbstractPlainSocketImpl.java:184)
      at java.net.SocksSocketImpl.connect(SocksSocketImpl.java:392)
      at java.net.Socket.connect(Socket.java:589)
      at sun.security.ssl.SSLSocketImpl.connect(SSLSocketImpl.java:668)
      at sun.net.NetworkClient.doConnect(NetworkClient.java:175)
      at sun.net.www.http.HttpClient.openServer(HttpClient.java:432)
      at sun.net.www.http.HttpClient.openServer(HttpClient.java:527)
      at sun.net.www.protocol.https.HttpsClient.&lt;init&gt;(HttpsClient.java:264)
      at sun.net.www.protocol.https.HttpsClient.New(HttpsClient.java:367)
      at sun.net.www.protocol.https.AbstractDelegateHttpsURLConnection.getNewHttpClient(AbstractDelegateHttpsURLConnection.java:191)
      at sun.net.www.protocol.http.HttpURLConnection.plainConnect0(HttpURLConnection.java:1105)
      at sun.net.www.protocol.http.HttpURLConnection$6.run(HttpURLConnection.java:989)
      at sun.net.www.protocol.http.HttpURLConnection$6.run(HttpURLConnection.java:987)
      at java.security.AccessController.doPrivileged(Native Method)
      at java.security.AccessController.doPrivilegedWithCombiner(AccessController.java:782)
      at sun.net.www.protocol.http.HttpURLConnection.plainConnect(HttpURLConnection.java:986)
      at sun.net.www.protocol.https.AbstractDelegateHttpsURLConnection.connect(AbstractDelegateHttpsURLConnection.java:177)
      at sun.net.www.protocol.http.HttpURLConnection.getOutputStream0(HttpURLConnection.java:1283)
      at sun.net.www.protocol.http.HttpURLConnection.access$100(HttpURLConnection.java:90)
      at sun.net.www.protocol.http.HttpURLConnection$8.run(HttpURLConnection.java:1250)
      at sun.net.www.protocol.http.HttpURLConnection$8.run(HttpURLConnection.java:1248)
      at java.security.AccessController.doPrivileged(Native Method)
      at java.security.AccessController.doPrivilegedWithCombiner(AccessController.java:782)
      at sun.net.www.protocol.http.HttpURLConnection.getOutputStream(HttpURLConnection.java:1247)
      at sun.net.www.protocol.https.HttpsURLConnectionImpl.getOutputStream(HttpsURLConnectionImpl.java:250)
      at com.google.api.client.http.javanet.NetHttpRequest.execute(NetHttpRequest.java:77)
      at com.google.api.client.http.HttpRequest.execute(HttpRequest.java:981)
      at com.google.api.client.auth.oauth2.TokenRequest.executeUnparsed(TokenRequest.java:283)
      at com.google.api.client.auth.oauth2.TokenRequest.execute(TokenRequest.java:307)
      at com.google.api.client.googleapis.auth.oauth2.GoogleCredential.executeRefreshToken(GoogleCredential.java:384)
      at com.google.api.client.auth.oauth2.Credential.refreshToken(Credential.java:489)
      at org.broadinstitute.dsde.workbench.auth.AuthToken$class.makeToken(AuthToken.scala:19)
      at org.broadinstitute.dsde.workbench.auth.AuthToken$class.value(AuthToken.scala:13)
      at org.broadinstitute.dsde.workbench.auth.UserAuthToken.value$lzycompute(UserAuthToken.scala:8)
      at org.broadinstitute.dsde.workbench.auth.UserAuthToken.value(UserAuthToken.scala:8)
      at org.broadinstitute.dsde.workbench.service.RestClient$class.makeAuthHeader(RestClient.scala:34)
      at org.broadinstitute.dsde.workbench.service.RestClient$class.requestWithJsonContent(RestClient.scala:87)
      at org.broadinstitute.dsde.workbench.service.RestClient$class.postRequest(RestClient.scala:108)
      at org.broadinstitute.dsde.workbench.service.Orchestration$.postRequest(Orchestration.scala:466)
      at org.broadinstitute.dsde.workbench.service.Orchestration$workspaces$.create(Orchestration.scala:140)
      at org.broadinstitute.dsde.workbench.fixture.WorkspaceFixtures$class.withWorkspace(WorkspaceFixtures.scala:32)
      at org.broadinstitute.dsde.firecloud.test.notebooks.NotebooksSpec.withWorkspace(NotebooksSpec.scala:14)
      at org.broadinstitute.dsde.firecloud.test.notebooks.NotebooksSpec$$anonfun$1$$anonfun$apply$mcV$sp$1.apply(NotebooksSpec.scala:21)
      at org.broadinstitute.dsde.firecloud.test.notebooks.NotebooksSpec$$anonfun$1$$anonfun$apply$mcV$sp$1.apply(NotebooksSpec.scala:18)
      at org.broadinstitute.dsde.workbench.service.test.WebBrowserSpec$$anonfun$runLocalChrome$1.apply(WebBrowserSpec.scala:83)
      at org.broadinstitute.dsde.workbench.service.test.WebBrowserSpec$class.withScreenshot(WebBrowserSpec.scala:127)
      at org.broadinstitute.dsde.firecloud.test.notebooks.NotebooksSpec.withScreenshot(NotebooksSpec.scala:14)
      at org.broadinstitute.dsde.workbench.service.test.WebBrowserSpec$class.runLocalChrome(WebBrowserSpec.scala:82)
      at org.broadinstitute.dsde.workbench.service.test.WebBrowserSpec$class.withWebDriver(WebBrowserSpec.scala:57)
      at org.broadinstitute.dsde.firecloud.test.notebooks.NotebooksSpec.withWebDriver(NotebooksSpec.scala:14)
      at org.broadinstitute.dsde.workbench.service.test.WebBrowserSpec$class.withWebDriver(WebBrowserSpec.scala:37)
      at org.broadinstitute.dsde.firecloud.test.notebooks.NotebooksSpec.withWebDriver(NotebooksSpec.scala:14)
      at org.broadinstitute.dsde.firecloud.test.notebooks.NotebooksSpec$$anonfun$1.apply$mcV$sp(NotebooksSpec.scala:18)
      at org.broadinstitute.dsde.firecloud.test.notebooks.NotebooksSpec$$anonfun$1.apply(NotebooksSpec.scala:18)
      at org.broadinstitute.dsde.firecloud.test.notebooks.NotebooksSpec$$anonfun$1.apply(NotebooksSpec.scala:18)
      at org.scalatest.OutcomeOf$class.outcomeOf(OutcomeOf.scala:85)
      at org.scalatest.OutcomeOf$.outcomeOf(OutcomeOf.scala:104)
      at org.scalatest.Transformer.apply(Transformer.scala:22)
      at org.scalatest.Transformer.apply(Transformer.scala:20)
      at org.scalatest.FreeSpecLike$$anon$1.apply(FreeSpecLike.scala:407)
      at org.scalatest.TestSuite$class.withFixture(TestSuite.scala:196)
      at org.broadinstitute.dsde.firecloud.test.notebooks.NotebooksSpec.org$broadinstitute$dsde$workbench$service$test$CleanUp$$super$withFixture(NotebooksSpec.scala:14)
      at org.broadinstitute.dsde.workbench.service.test.CleanUp$class.withFixture(CleanUp.scala:92)
      at org.broadinstitute.dsde.firecloud.test.notebooks.NotebooksSpec.withFixture(NotebooksSpec.scala:14)
      at org.scalatest.FreeSpecLike$class.invokeWithFixture$1(FreeSpecLike.scala:404)
      at org.scalatest.FreeSpecLike$$anonfun$runTest$1.apply(FreeSpecLike.scala:417)
      at org.scalatest.FreeSpecLike$$anonfun$runTest$1.apply(FreeSpecLike.scala:417)
      at org.scalatest.SuperEngine.runTestImpl(Engine.scala:289)
      at org.scalatest.FreeSpecLike$class.runTest(FreeSpecLike.scala:417)
      at org.scalatest.FreeSpec.runTest(FreeSpec.scala:1739)
      at org.scalatest.FreeSpecLike$$anonfun$runTests$1.apply(FreeSpecLike.scala:476)
      at org.scalatest.FreeSpecLike$$anonfun$runTests$1.apply(FreeSpecLike.scala:476)
      at org.scalatest.SuperEngine$$anonfun$traverseSubNodes$1$1.apply(Engine.scala:396)
      at org.scalatest.SuperEngine$$anonfun$traverseSubNodes$1$1.apply(Engine.scala:384)
      at scala.collection.immutable.List.foreach(List.scala:381)
      at org.scalatest.SuperEngine.traverseSubNodes$1(Engine.scala:384)
      at org.scalatest.SuperEngine.org$scalatest$SuperEngine$$runTestsInBranch(Engine.scala:379)
      at org.scalatest.SuperEngine.runTestsImpl(Engine.scala:461)
      at org.scalatest.FreeSpecLike$class.runTests(FreeSpecLike.scala:476)
      at org.scalatest.FreeSpec.runTests(FreeSpec.scala:1739)
      at org.scalatest.Suite$class.run(Suite.scala:1147)
      at org.scalatest.FreeSpec.org$scalatest$FreeSpecLike$$super$run(FreeSpec.scala:1739)
      at org.scalatest.FreeSpecLike$$anonfun$run$1.apply(FreeSpecLike.scala:520)
      at org.scalatest.FreeSpecLike$$anonfun$run$1.apply(FreeSpecLike.scala:520)
      at org.scalatest.SuperEngine.runImpl(Engine.scala:521)
      at org.scalatest.FreeSpecLike$class.run(FreeSpecLike.scala:520)
      at org.scalatest.FreeSpec.run(FreeSpec.scala:1739)
      at org.scalatest.tools.Framework.org$scalatest$tools$Framework$$runSuite(Framework.scala:314)
      at org.scalatest.tools.Framework$ScalaTestTask.execute(Framework.scala:480)
      at sbt.TestRunner.runTest$1(TestFramework.scala:76)
      at sbt.TestRunner.run(TestFramework.scala:85)
      at sbt.TestFramework$$anon$2$$anonfun$$init$$1$$anonfun$apply$8.apply(TestFramework.scala:202)
      at sbt.TestFramework$$anon$2$$anonfun$$init$$1$$anonfun$apply$8.apply(TestFramework.scala:202)
      at sbt.TestFramework$.sbt$TestFramework$$withContextLoader(TestFramework.scala:185)
      at sbt.TestFramework$$anon$2$$anonfun$$init$$1.apply(TestFramework.scala:202)
      at sbt.TestFramework$$anon$2$$anonfun$$init$$1.apply(TestFramework.scala:202)
      at sbt.TestFunction.apply(TestFramework.scala:207)
      at sbt.Tests$$anonfun$9.apply(Tests.scala:216)
      at sbt.Tests$$anonfun$9.apply(Tests.scala:216)
      at sbt.std.Transform$$anon$3$$anonfun$apply$2.apply(System.scala:44)
      at sbt.std.Transform$$anon$3$$anonfun$apply$2.apply(System.scala:44)
      at sbt.std.Transform$$anon$4.work(System.scala:63)
      at sbt.Execute$$anonfun$submit$1$$anonfun$apply$1.apply(Execute.scala:228)
      at sbt.Execute$$anonfun$submit$1$$anonfun$apply$1.apply(Execute.scala:228)
      at sbt.ErrorHandling$.wideConvert(ErrorHandling.scala:17)
      at sbt.Execute.work(Execute.scala:237)
      at sbt.Execute$$anonfun$submit$1.apply(Execute.scala:228)
      at sbt.Execute$$anonfun$submit$1.apply(Execute.scala:228)
      at sbt.ConcurrentRestrictions$$anon$4$$anonfun$1.apply(ConcurrentRestrictions.scala:159)
      at sbt.CompletionService$$anon$2.call(CompletionService.scala:28)
      at java.util.concurrent.FutureTask.run(FutureTask.java:266)
      at java.util.concurrent.Executors$RunnableAdapter.call(Executors.java:511)
      at java.util.concurrent.FutureTask.run(FutureTask.java:266)
      at java.util.concurrent.ThreadPoolExecutor.runWorker(ThreadPoolExecutor.java:1142)
      at java.util.concurrent.ThreadPoolExecutor$Worker.run(ThreadPoolExecutor.java:617)
      at java.lang.Thread.run(Thread.java:745)
</failure>
</testcase>
  <system-out><![CDATA[]]></system-out>
  <system-err><![CDATA[]]></system-err>
</testsuite>
